[2021-09-2720:44:27] [ ERROR] [GlobalExceptionHandler:17] Failed to convert value of type 'java.lang.String' to required type 'java.lang.Long'; nested exception is java.lang.NumberFormatException: For input string: "user"
[2021-09-2723:17:21] [ ERROR] [GlobalExceptionHandler:17] Content type 'application/x-www-form-urlencoded;charset=UTF-8' not supported
[2021-09-2723:48:37] [ ERROR] [GlobalExceptionHandler:17] Failed to convert value of type 'java.lang.String' to required type 'java.lang.Long'; nested exception is java.lang.NumberFormatException: For input string: "odontologosLista.html"
[2021-09-2723:48:48] [ ERROR] [GlobalExceptionHandler:17] Failed to convert value of type 'java.lang.String' to required type 'java.lang.Long'; nested exception is java.lang.NumberFormatException: For input string: "odontologosLista.html"
[2021-09-2801:15:55] [ ERROR] [GlobalExceptionHandler:17] Request method 'DELETE' not supported
[2021-09-2801:18:03] [ ERROR] [GlobalExceptionHandler:17] Request method 'DELETE' not supported
[2021-09-2801:45:28] [ ERROR] [GlobalExceptionHandler:17] Failed to convert value of type 'java.lang.String' to required type 'java.lang.Long'; nested exception is java.lang.NumberFormatException: For input string: "undefined"
[2021-09-2801:45:48] [ ERROR] [GlobalExceptionHandler:17] Failed to convert value of type 'java.lang.String' to required type 'java.lang.Long'; nested exception is java.lang.NumberFormatException: For input string: "undefined"
[2021-09-2801:45:59] [ ERROR] [GlobalExceptionHandler:17] Failed to convert value of type 'java.lang.String' to required type 'java.lang.Long'; nested exception is java.lang.NumberFormatException: For input string: "undefined"
[2021-09-2812:54:08] [ ERROR] [GlobalExceptionHandler:17] Failed to convert value of type 'java.lang.String' to required type 'java.lang.Long'; nested exception is java.lang.NumberFormatException: For input string: "undefined"
[2021-09-2812:54:09] [ ERROR] [GlobalExceptionHandler:17] Failed to convert value of type 'java.lang.String' to required type 'java.lang.Long'; nested exception is java.lang.NumberFormatException: For input string: "undefined"
[2021-09-2812:55:25] [ ERROR] [GlobalExceptionHandler:17] Failed to convert value of type 'java.lang.String' to required type 'java.lang.Long'; nested exception is java.lang.NumberFormatException: For input string: "undefined"
[2021-09-2812:55:29] [ ERROR] [GlobalExceptionHandler:17] Failed to convert value of type 'java.lang.String' to required type 'java.lang.Long'; nested exception is java.lang.NumberFormatException: For input string: "undefined"
[2021-09-2812:55:30] [ ERROR] [GlobalExceptionHandler:17] Failed to convert value of type 'java.lang.String' to required type 'java.lang.Long'; nested exception is java.lang.NumberFormatException: For input string: "undefined"
[2021-09-2812:56:42] [ ERROR] [GlobalExceptionHandler:17] Failed to convert value of type 'java.lang.String' to required type 'java.lang.Long'; nested exception is java.lang.NumberFormatException: For input string: "undefined"
[2021-09-2812:56:47] [ ERROR] [GlobalExceptionHandler:17] Failed to convert value of type 'java.lang.String' to required type 'java.lang.Long'; nested exception is java.lang.NumberFormatException: For input string: "undefined"
[2021-09-2812:56:48] [ ERROR] [GlobalExceptionHandler:17] Failed to convert value of type 'java.lang.String' to required type 'java.lang.Long'; nested exception is java.lang.NumberFormatException: For input string: "undefined"
[2021-09-2812:58:53] [ ERROR] [GlobalExceptionHandler:17] Failed to convert value of type 'java.lang.String' to required type 'java.lang.Long'; nested exception is java.lang.NumberFormatException: For input string: "undefined"
[2021-09-2812:58:57] [ ERROR] [GlobalExceptionHandler:17] Failed to convert value of type 'java.lang.String' to required type 'java.lang.Long'; nested exception is java.lang.NumberFormatException: For input string: "undefined"
[2021-09-2813:02:40] [ ERROR] [GlobalExceptionHandler:17] Failed to convert value of type 'java.lang.String' to required type 'java.lang.Long'; nested exception is java.lang.NumberFormatException: For input string: "undefined"
[2021-09-2816:06:03] [ ERROR] [GlobalExceptionHandler:17] JSON parse error: Cannot deserialize value of type `int` from String "sdfsdf": not a valid `int` value; nested exception is com.fasterxml.jackson.databind.exc.InvalidFormatException: Cannot deserialize value of type `int` from String "sdfsdf": not a valid `int` value
 at [Source: (PushbackInputStream); line: 1, column: 52] (through reference chain: com.example.demo.model.PacienteDTO["dni"])
[2021-09-2816:06:03] [ ERROR] [GlobalExceptionHandler:17] JSON parse error: Cannot deserialize value of type `int` from String "sdfsdf": not a valid `int` value; nested exception is com.fasterxml.jackson.databind.exc.InvalidFormatException: Cannot deserialize value of type `int` from String "sdfsdf": not a valid `int` value
 at [Source: (PushbackInputStream); line: 1, column: 52] (through reference chain: com.example.demo.model.PacienteDTO["dni"])
[2021-09-2816:06:15] [ ERROR] [GlobalExceptionHandler:17] JSON parse error: Cannot deserialize value of type `int` from String "sdfsdf": not a valid `int` value; nested exception is com.fasterxml.jackson.databind.exc.InvalidFormatException: Cannot deserialize value of type `int` from String "sdfsdf": not a valid `int` value
 at [Source: (PushbackInputStream); line: 1, column: 55] (through reference chain: com.example.demo.model.PacienteDTO["dni"])
[2021-09-2816:06:15] [ ERROR] [GlobalExceptionHandler:17] JSON parse error: Cannot deserialize value of type `int` from String "sdfsdf": not a valid `int` value; nested exception is com.fasterxml.jackson.databind.exc.InvalidFormatException: Cannot deserialize value of type `int` from String "sdfsdf": not a valid `int` value
 at [Source: (PushbackInputStream); line: 1, column: 55] (through reference chain: com.example.demo.model.PacienteDTO["dni"])
[2021-09-2816:06:15] [ ERROR] [GlobalExceptionHandler:17] JSON parse error: Cannot deserialize value of type `int` from String "sdfsdf": not a valid `int` value; nested exception is com.fasterxml.jackson.databind.exc.InvalidFormatException: Cannot deserialize value of type `int` from String "sdfsdf": not a valid `int` value
 at [Source: (PushbackInputStream); line: 1, column: 55] (through reference chain: com.example.demo.model.PacienteDTO["dni"])
[2021-09-2816:21:59] [ ERROR] [GlobalExceptionHandler:17] JSON parse error: Cannot construct instance of `com.example.demo.model.Paciente` (although at least one Creator exists): no String-argument constructor/factory method to deserialize from String value ('2'); nested exception is com.fasterxml.jackson.databind.exc.MismatchedInputException: Cannot construct instance of `com.example.demo.model.Paciente` (although at least one Creator exists): no String-argument constructor/factory method to deserialize from String value ('2')
 at [Source: (PushbackInputStream); line: 1, column: 13] (through reference chain: com.example.demo.model.TurnoDTO["paciente"])
[2021-09-2816:23:02] [ ERROR] [GlobalExceptionHandler:17] JSON parse error: Cannot construct instance of `com.example.demo.model.Paciente` (although at least one Creator exists): no String-argument constructor/factory method to deserialize from String value ('2'); nested exception is com.fasterxml.jackson.databind.exc.MismatchedInputException: Cannot construct instance of `com.example.demo.model.Paciente` (although at least one Creator exists): no String-argument constructor/factory method to deserialize from String value ('2')
 at [Source: (PushbackInputStream); line: 1, column: 13] (through reference chain: com.example.demo.model.TurnoDTO["paciente"])
[2021-09-2816:23:56] [ ERROR] [GlobalExceptionHandler:17] JSON parse error: Cannot construct instance of `com.example.demo.model.Paciente` (although at least one Creator exists): no String-argument constructor/factory method to deserialize from String value ('2'); nested exception is com.fasterxml.jackson.databind.exc.MismatchedInputException: Cannot construct instance of `com.example.demo.model.Paciente` (although at least one Creator exists): no String-argument constructor/factory method to deserialize from String value ('2')
 at [Source: (PushbackInputStream); line: 1, column: 13] (through reference chain: com.example.demo.model.TurnoDTO["paciente"])
[2021-09-2816:24:03] [ ERROR] [GlobalExceptionHandler:17] JSON parse error: Cannot coerce empty String ("") to `com.example.demo.model.Paciente` value (but could if coercion was enabled using `CoercionConfig`); nested exception is com.fasterxml.jackson.databind.exc.InvalidFormatException: Cannot coerce empty String ("") to `com.example.demo.model.Paciente` value (but could if coercion was enabled using `CoercionConfig`)
 at [Source: (PushbackInputStream); line: 1, column: 13] (through reference chain: com.example.demo.model.TurnoDTO["paciente"])
[2021-09-2816:41:19] [ ERROR] [GlobalExceptionHandler:17] JSON parse error: Cannot construct instance of `com.example.demo.model.Paciente` (although at least one Creator exists): no String-argument constructor/factory method to deserialize from String value ('3'); nested exception is com.fasterxml.jackson.databind.exc.MismatchedInputException: Cannot construct instance of `com.example.demo.model.Paciente` (although at least one Creator exists): no String-argument constructor/factory method to deserialize from String value ('3')
 at [Source: (PushbackInputStream); line: 1, column: 13] (through reference chain: com.example.demo.model.TurnoDTO["paciente"])
[2021-09-2816:41:30] [ ERROR] [GlobalExceptionHandler:17] JSON parse error: Cannot coerce empty String ("") to `com.example.demo.model.Paciente` value (but could if coercion was enabled using `CoercionConfig`); nested exception is com.fasterxml.jackson.databind.exc.InvalidFormatException: Cannot coerce empty String ("") to `com.example.demo.model.Paciente` value (but could if coercion was enabled using `CoercionConfig`)
 at [Source: (PushbackInputStream); line: 1, column: 13] (through reference chain: com.example.demo.model.TurnoDTO["paciente"])
[2021-09-2816:43:09] [ ERROR] [GlobalExceptionHandler:17] JSON parse error: Cannot construct instance of `com.example.demo.model.Paciente` (although at least one Creator exists): no String-argument constructor/factory method to deserialize from String value ('1'); nested exception is com.fasterxml.jackson.databind.exc.MismatchedInputException: Cannot construct instance of `com.example.demo.model.Paciente` (although at least one Creator exists): no String-argument constructor/factory method to deserialize from String value ('1')
 at [Source: (PushbackInputStream); line: 1, column: 13] (through reference chain: com.example.demo.model.TurnoDTO["paciente"])
[2021-09-2816:46:14] [ ERROR] [GlobalExceptionHandler:17] JSON parse error: Cannot construct instance of `com.example.demo.model.Paciente` (although at least one Creator exists): no String-argument constructor/factory method to deserialize from String value ('2'); nested exception is com.fasterxml.jackson.databind.exc.MismatchedInputException: Cannot construct instance of `com.example.demo.model.Paciente` (although at least one Creator exists): no String-argument constructor/factory method to deserialize from String value ('2')
 at [Source: (PushbackInputStream); line: 1, column: 13] (through reference chain: com.example.demo.model.TurnoDTO["paciente"])
[2021-09-2816:48:28] [ ERROR] [GlobalExceptionHandler:17] JSON parse error: Cannot construct instance of `com.example.demo.model.Paciente` (although at least one Creator exists): no String-argument constructor/factory method to deserialize from String value ('2'); nested exception is com.fasterxml.jackson.databind.exc.MismatchedInputException: Cannot construct instance of `com.example.demo.model.Paciente` (although at least one Creator exists): no String-argument constructor/factory method to deserialize from String value ('2')
 at [Source: (PushbackInputStream); line: 1, column: 13] (through reference chain: com.example.demo.model.TurnoDTO["paciente"])
[2021-09-2816:49:38] [ ERROR] [GlobalExceptionHandler:17] JSON parse error: Cannot construct instance of `com.example.demo.model.Paciente` (although at least one Creator exists): no String-argument constructor/factory method to deserialize from String value ('2'); nested exception is com.fasterxml.jackson.databind.exc.MismatchedInputException: Cannot construct instance of `com.example.demo.model.Paciente` (although at least one Creator exists): no String-argument constructor/factory method to deserialize from String value ('2')
 at [Source: (PushbackInputStream); line: 1, column: 13] (through reference chain: com.example.demo.model.TurnoDTO["paciente"])
[2021-09-2816:50:12] [ ERROR] [GlobalExceptionHandler:17] JSON parse error: Cannot coerce empty String ("") to `com.example.demo.model.Paciente` value (but could if coercion was enabled using `CoercionConfig`); nested exception is com.fasterxml.jackson.databind.exc.InvalidFormatException: Cannot coerce empty String ("") to `com.example.demo.model.Paciente` value (but could if coercion was enabled using `CoercionConfig`)
 at [Source: (PushbackInputStream); line: 1, column: 13] (through reference chain: com.example.demo.model.TurnoDTO["paciente"])
[2021-09-2818:29:03] [ ERROR] [GlobalExceptionHandler:17] JSON parse error: Cannot construct instance of `com.example.demo.model.Paciente` (although at least one Creator exists): no String-argument constructor/factory method to deserialize from String value ('2'); nested exception is com.fasterxml.jackson.databind.exc.MismatchedInputException: Cannot construct instance of `com.example.demo.model.Paciente` (although at least one Creator exists): no String-argument constructor/factory method to deserialize from String value ('2')
 at [Source: (PushbackInputStream); line: 1, column: 13] (through reference chain: com.example.demo.model.TurnoDTO["paciente"])
[2021-09-2818:31:46] [ ERROR] [GlobalExceptionHandler:17] JSON parse error: Cannot construct instance of `com.example.demo.model.Paciente` (although at least one Creator exists): no String-argument constructor/factory method to deserialize from String value ('2'); nested exception is com.fasterxml.jackson.databind.exc.MismatchedInputException: Cannot construct instance of `com.example.demo.model.Paciente` (although at least one Creator exists): no String-argument constructor/factory method to deserialize from String value ('2')
 at [Source: (PushbackInputStream); line: 1, column: 13] (through reference chain: com.example.demo.model.TurnoDTO["paciente"])
[2021-09-2818:36:31] [ ERROR] [GlobalExceptionHandler:17] JSON parse error: Cannot construct instance of `com.example.demo.model.Paciente` (although at least one Creator exists): no String-argument constructor/factory method to deserialize from String value ('{ 2 }'); nested exception is com.fasterxml.jackson.databind.exc.MismatchedInputException: Cannot construct instance of `com.example.demo.model.Paciente` (although at least one Creator exists): no String-argument constructor/factory method to deserialize from String value ('{ 2 }')
 at [Source: (PushbackInputStream); line: 1, column: 13] (through reference chain: com.example.demo.model.TurnoDTO["paciente"])
[2021-09-2818:38:15] [ ERROR] [GlobalExceptionHandler:17] org.hibernate.TransientPropertyValueException: Not-null property references a transient value - transient instance must be saved before current operation : com.example.demo.model.Turno.odontologo -> com.example.demo.model.Odontologo; nested exception is java.lang.IllegalStateException: org.hibernate.TransientPropertyValueException: Not-null property references a transient value - transient instance must be saved before current operation : com.example.demo.model.Turno.odontologo -> com.example.demo.model.Odontologo
[2021-09-2818:38:49] [ ERROR] [GlobalExceptionHandler:17] org.hibernate.TransientPropertyValueException: Not-null property references a transient value - transient instance must be saved before current operation : com.example.demo.model.Turno.paciente -> com.example.demo.model.Paciente; nested exception is java.lang.IllegalStateException: org.hibernate.TransientPropertyValueException: Not-null property references a transient value - transient instance must be saved before current operation : com.example.demo.model.Turno.paciente -> com.example.demo.model.Paciente
[2021-09-2818:39:49] [ ERROR] [GlobalExceptionHandler:17] org.hibernate.TransientPropertyValueException: Not-null property references a transient value - transient instance must be saved before current operation : com.example.demo.model.Turno.odontologo -> com.example.demo.model.Odontologo; nested exception is java.lang.IllegalStateException: org.hibernate.TransientPropertyValueException: Not-null property references a transient value - transient instance must be saved before current operation : com.example.demo.model.Turno.odontologo -> com.example.demo.model.Odontologo
[2021-09-2818:41:58] [ ERROR] [GlobalExceptionHandler:17] JSON parse error: Cannot construct instance of `com.example.demo.model.Paciente` (although at least one Creator exists): no String-argument constructor/factory method to deserialize from String value ('1'); nested exception is com.fasterxml.jackson.databind.exc.MismatchedInputException: Cannot construct instance of `com.example.demo.model.Paciente` (although at least one Creator exists): no String-argument constructor/factory method to deserialize from String value ('1')
 at [Source: (PushbackInputStream); line: 1, column: 13] (through reference chain: com.example.demo.model.TurnoDTO["paciente"])
